<?xml version="1.0" encoding="UTF-8"?>
<testsuite xmlns:xsi="http://www.w3.org/2001/XMLSchema-instance" xsi:noNamespaceSchemaLocation="https://maven.apache.org/surefire/maven-surefire-plugin/xsd/surefire-test-report-3.0.xsd" version="3.0" name="megalitikum.kodinganuas.TaxCalculatorTest" time="0.048" tests="3" errors="0" skipped="0" failures="0">
  <properties>
    <property name="java.specification.version" value="17"/>
    <property name="sun.cpu.isalist" value="amd64"/>
    <property name="sun.jnu.encoding" value="Cp1252"/>
    <property name="java.class.path" value="C:\Users\Yakup Asmaidy\Documents\Semester_6\Manajemen Konfigurasi dan Evolusi PL\UAS\kodinganUAS\target\test-classes;C:\Users\Yakup Asmaidy\Documents\Semester_6\Manajemen Konfigurasi dan Evolusi PL\UAS\kodinganUAS\target\classes;C:\Users\Yakup Asmaidy\.m2\repository\org\junit\jupiter\junit-jupiter-api\5.6.0\junit-jupiter-api-5.6.0.jar;C:\Users\Yakup Asmaidy\.m2\repository\org\apiguardian\apiguardian-api\1.1.0\apiguardian-api-1.1.0.jar;C:\Users\Yakup Asmaidy\.m2\repository\org\opentest4j\opentest4j\1.2.0\opentest4j-1.2.0.jar;C:\Users\Yakup Asmaidy\.m2\repository\org\junit\platform\junit-platform-commons\1.6.0\junit-platform-commons-1.6.0.jar;C:\Users\Yakup Asmaidy\.m2\repository\org\junit\jupiter\junit-jupiter-params\5.6.0\junit-jupiter-params-5.6.0.jar;C:\Users\Yakup Asmaidy\.m2\repository\org\junit\jupiter\junit-jupiter-engine\5.6.0\junit-jupiter-engine-5.6.0.jar;C:\Users\Yakup Asmaidy\.m2\repository\org\junit\platform\junit-platform-engine\1.6.0\junit-platform-engine-1.6.0.jar;"/>
    <property name="java.vm.vendor" value="Oracle Corporation"/>
    <property name="sun.arch.data.model" value="64"/>
    <property name="user.variant" value=""/>
    <property name="java.vendor.url" value="https://java.oracle.com/"/>
    <property name="user.timezone" value="Asia/Makassar"/>
    <property name="user.country.format" value="ID"/>
    <property name="os.name" value="Windows 10"/>
    <property name="java.vm.specification.version" value="17"/>
    <property name="user.country" value="US"/>
    <property name="sun.java.launcher" value="SUN_STANDARD"/>
    <property name="sun.boot.library.path" value="C:\Program Files\Java\jdk-17\bin"/>
    <property name="sun.java.command" value="C:\Users\Yakup Asmaidy\AppData\Local\Temp\surefire2013089869877698922\surefirebooter-20240613024635065_3.jar C:\Users\Yakup Asmaidy\AppData\Local\Temp\surefire2013089869877698922 2024-06-13T02-46-34_910-jvmRun1 surefire-20240613024635065_1tmp surefire_0-20240613024635065_2tmp"/>
    <property name="jdk.debug" value="release"/>
    <property name="test" value="megalitikum.kodinganuas.TaxCalculatorTest"/>
    <property name="surefire.test.class.path" value="C:\Users\Yakup Asmaidy\Documents\Semester_6\Manajemen Konfigurasi dan Evolusi PL\UAS\kodinganUAS\target\test-classes;C:\Users\Yakup Asmaidy\Documents\Semester_6\Manajemen Konfigurasi dan Evolusi PL\UAS\kodinganUAS\target\classes;C:\Users\Yakup Asmaidy\.m2\repository\org\junit\jupiter\junit-jupiter-api\5.6.0\junit-jupiter-api-5.6.0.jar;C:\Users\Yakup Asmaidy\.m2\repository\org\apiguardian\apiguardian-api\1.1.0\apiguardian-api-1.1.0.jar;C:\Users\Yakup Asmaidy\.m2\repository\org\opentest4j\opentest4j\1.2.0\opentest4j-1.2.0.jar;C:\Users\Yakup Asmaidy\.m2\repository\org\junit\platform\junit-platform-commons\1.6.0\junit-platform-commons-1.6.0.jar;C:\Users\Yakup Asmaidy\.m2\repository\org\junit\jupiter\junit-jupiter-params\5.6.0\junit-jupiter-params-5.6.0.jar;C:\Users\Yakup Asmaidy\.m2\repository\org\junit\jupiter\junit-jupiter-engine\5.6.0\junit-jupiter-engine-5.6.0.jar;C:\Users\Yakup Asmaidy\.m2\repository\org\junit\platform\junit-platform-engine\1.6.0\junit-platform-engine-1.6.0.jar;"/>
    <property name="sun.cpu.endian" value="little"/>
    <property name="user.home" value="C:\Users\Yakup Asmaidy"/>
    <property name="user.language" value="en"/>
    <property name="java.specification.vendor" value="Oracle Corporation"/>
    <property name="java.version.date" value="2023-07-18"/>
    <property name="java.home" value="C:\Program Files\Java\jdk-17"/>
    <property name="file.separator" value="\"/>
    <property name="basedir" value="C:\Users\Yakup Asmaidy\Documents\Semester_6\Manajemen Konfigurasi dan Evolusi PL\UAS\kodinganUAS"/>
    <property name="java.vm.compressedOopsMode" value="32-bit"/>
    <property name="line.separator" value="&#10;"/>
    <property name="java.vm.specification.vendor" value="Oracle Corporation"/>
    <property name="java.specification.name" value="Java Platform API Specification"/>
    <property name="surefire.real.class.path" value="C:\Users\Yakup Asmaidy\AppData\Local\Temp\surefire2013089869877698922\surefirebooter-20240613024635065_3.jar"/>
    <property name="user.script" value=""/>
    <property name="sun.management.compiler" value="HotSpot 64-Bit Tiered Compilers"/>
    <property name="java.runtime.version" value="17.0.8+9-LTS-211"/>
    <property name="user.name" value="Yakup Asmaidy"/>
    <property name="path.separator" value=";"/>
    <property name="os.version" value="10.0"/>
    <property name="java.runtime.name" value="Java(TM) SE Runtime Environment"/>
    <property name="file.encoding" value="Cp1252"/>
    <property name="java.vm.name" value="Java HotSpot(TM) 64-Bit Server VM"/>
    <property name="maven.ext.class.path" value="C:\Program Files\NetBeans-21\netbeans\java\maven-nblib\netbeans-eventspy.jar;C:\Program Files\NetBeans-21\netbeans\java\maven-nblib\netbeans-eventspy.jar"/>
    <property name="localRepository" value="C:\Users\Yakup Asmaidy\.m2\repository"/>
    <property name="java.vendor.url.bug" value="https://bugreport.java.com/bugreport/"/>
    <property name="java.io.tmpdir" value="C:\Users\YAKUPA~1\AppData\Local\Temp\"/>
    <property name="java.version" value="17.0.8"/>
    <property name="user.dir" value="C:\Users\Yakup Asmaidy\Documents\Semester_6\Manajemen Konfigurasi dan Evolusi PL\UAS\kodinganUAS"/>
    <property name="os.arch" value="amd64"/>
    <property name="java.vm.specification.name" value="Java Virtual Machine Specification"/>
    <property name="user.language.format" value="id"/>
    <property name="sun.os.patch.level" value=""/>
    <property name="native.encoding" value="Cp1252"/>
    <property name="java.library.path" value="C:\Program Files\Java\jdk-17\bin;C:\Windows\Sun\Java\bin;C:\Windows\system32;C:\Windows;C:\Program Files (x86)\Common Files\Oracle\Java\javapath;C:\Program Files\Common Files\Oracle\Java\javapath;C:\Program Files\Microsoft\jdk-11.0.16.101-hotspot\bin;C:\DataBase_basdat\aplikasinya\bin;C:\Database_praktikum\product\11.2.0\dbhome_1\bin;C:\product\11.2.0\dbhome_2\bin;C:\product\11.2.0\dbhome_1\bin;D:\product\11.2.0\dbhome_1\bin;C:\Program Files\Python310\Scripts\;C:\Program Files\Python310\;C:\Windows\system32;C:\Windows;C:\Windows\System32\Wbem;C:\Windows\System32\WindowsPowerShell\v1.0\;C:\Windows\System32\OpenSSH\;C:\Program Files (x86)\NVIDIA Corporation\PhysX\Common;C:\Program Files\NVIDIA Corporation\NVIDIA NvDLISR;C:\Program Files\dotnet\;C:\Program Files\Git\cmd;C:\Program Files\Microsoft SQL Server\Client SDK\ODBC\170\Tools\Binn\;C:\Program Files\Azure Data Studio\bin;C:\Users\Yakup Asmaidy\Downloads\sonar-scanner-cli-5.0.1.3006-windows\sonar-scanner-5.0.1.3006-windows\bin;C:\xampp\php;C:\ProgramData\ComposerSetup\bin;C:\Program Files\Cloudflare\Cloudflare WARP\;C:\Program Files\nodejs\;C:\Program Files\Java\jdk-17\bin;C:\Users\Yakup Asmaidy\AppData\Local\Programs\Python\Python39\Scripts\;C:\Users\Yakup Asmaidy\AppData\Local\Programs\Python\Python39\;C:\Users\Yakup Asmaidy\AppData\Local\Microsoft\WindowsApps;C:\Users\Yakup Asmaidy\AppData\Local\GitHubDesktop\bin;C:\Users\Yakup Asmaidy\.dotnet\tools;C:\Program Files\Azure Data Studio\bin;C:\Users\Yakup Asmaidy\AppData\Local\Programs\Microsoft VS Code\bin;C:\Users\Yakup Asmaidy\AppData\Roaming\Composer\vendor\bin;C:\flutter\flutter\bin;C:\Users\Yakup Asmaidy\AppData\Local\gitkraken\bin;C:\Users\Yakup Asmaidy\AppData\Roaming\npm;C:\Users\Yakup Asmaidy\AppData\Local\Pub\Cache\bin;C:\Users\Yakup Asmaidy\Downloads\apache-maven-3.9.7-bin\apache-maven-3.9.7\bin;C:\Program Files\Java\jdk-17;;."/>
    <property name="java.vm.info" value="mixed mode, sharing"/>
    <property name="java.vendor" value="Oracle Corporation"/>
    <property name="java.vm.version" value="17.0.8+9-LTS-211"/>
    <property name="sun.io.unicode.encoding" value="UnicodeLittle"/>
    <property name="java.class.version" value="61.0"/>
  </properties>
  <testcase name="testGetTaxRate" classname="megalitikum.kodinganuas.TaxCalculatorTest" time="0.028"/>
  <testcase name="testGetJobType" classname="megalitikum.kodinganuas.TaxCalculatorTest" time="0.001"/>
  <testcase name="testCalculateTax" classname="megalitikum.kodinganuas.TaxCalculatorTest" time="0.001"/>
</testsuite>